<?xml version="1.0" encoding="UTF-8"?>
<robot generator="Robot 4.1.2 (Python 3.10.0 on win32)" generated="20211020 20:19:00.647" rpa="false" schemaversion="2">
<suite id="s1" name="Exercicios" source="C:\Users\rodri\Desktop\curso - prime hero\Tests\exercicios.robot">
<test id="s1-t1" name="Cenario: Qua numero IF">
<kw name="contar se for 5 ou 8">
<for flavor="IN RANGE">
<var>${COUNT}</var>
<value>0</value>
<value>9</value>
<iter>
<var name="${COUNT}">0</var>
<if>
<branch type="IF" condition="'${COUNT}'=='5'">
<kw name="Log To Console" library="BuiltIn">
<arg>Estou no numero ${COUNT}</arg>
<doc>Logs the given message to the console.</doc>
<status status="NOT RUN" starttime="20211020 20:19:00.708" endtime="20211020 20:19:00.709"/>
</kw>
<status status="NOT RUN" starttime="20211020 20:19:00.708" endtime="20211020 20:19:00.709"/>
</branch>
<branch type="ELSE IF" condition="'${COUNT}'=='8'">
<kw name="Log To Console" library="BuiltIn">
<arg>Estou no numero ${COUNT}</arg>
<doc>Logs the given message to the console.</doc>
<status status="NOT RUN" starttime="20211020 20:19:00.709" endtime="20211020 20:19:00.709"/>
</kw>
<status status="NOT RUN" starttime="20211020 20:19:00.709" endtime="20211020 20:19:00.710"/>
</branch>
<branch type="ELSE">
<kw name="Log To Console" library="BuiltIn">
<arg>Numero invalido</arg>
<doc>Logs the given message to the console.</doc>
<status status="PASS" starttime="20211020 20:19:00.710" endtime="20211020 20:19:00.710"/>
</kw>
<status status="PASS" starttime="20211020 20:19:00.710" endtime="20211020 20:19:00.711"/>
</branch>
<status status="PASS" starttime="20211020 20:19:00.708" endtime="20211020 20:19:00.711"/>
</if>
<status status="PASS" starttime="20211020 20:19:00.708" endtime="20211020 20:19:00.711"/>
</iter>
<iter>
<var name="${COUNT}">1</var>
<if>
<branch type="IF" condition="'${COUNT}'=='5'">
<kw name="Log To Console" library="BuiltIn">
<arg>Estou no numero ${COUNT}</arg>
<doc>Logs the given message to the console.</doc>
<status status="NOT RUN" starttime="20211020 20:19:00.712" endtime="20211020 20:19:00.712"/>
</kw>
<status status="NOT RUN" starttime="20211020 20:19:00.712" endtime="20211020 20:19:00.712"/>
</branch>
<branch type="ELSE IF" condition="'${COUNT}'=='8'">
<kw name="Log To Console" library="BuiltIn">
<arg>Estou no numero ${COUNT}</arg>
<doc>Logs the given message to the console.</doc>
<status status="NOT RUN" starttime="20211020 20:19:00.713" endtime="20211020 20:19:00.713"/>
</kw>
<status status="NOT RUN" starttime="20211020 20:19:00.712" endtime="20211020 20:19:00.713"/>
</branch>
<branch type="ELSE">
<kw name="Log To Console" library="BuiltIn">
<arg>Numero invalido</arg>
<doc>Logs the given message to the console.</doc>
<status status="PASS" starttime="20211020 20:19:00.713" endtime="20211020 20:19:00.714"/>
</kw>
<status status="PASS" starttime="20211020 20:19:00.713" endtime="20211020 20:19:00.714"/>
</branch>
<status status="PASS" starttime="20211020 20:19:00.712" endtime="20211020 20:19:00.714"/>
</if>
<status status="PASS" starttime="20211020 20:19:00.711" endtime="20211020 20:19:00.715"/>
</iter>
<iter>
<var name="${COUNT}">2</var>
<if>
<branch type="IF" condition="'${COUNT}'=='5'">
<kw name="Log To Console" library="BuiltIn">
<arg>Estou no numero ${COUNT}</arg>
<doc>Logs the given message to the console.</doc>
<status status="NOT RUN" starttime="20211020 20:19:00.716" endtime="20211020 20:19:00.716"/>
</kw>
<status status="NOT RUN" starttime="20211020 20:19:00.716" endtime="20211020 20:19:00.716"/>
</branch>
<branch type="ELSE IF" condition="'${COUNT}'=='8'">
<kw name="Log To Console" library="BuiltIn">
<arg>Estou no numero ${COUNT}</arg>
<doc>Logs the given message to the console.</doc>
<status status="NOT RUN" starttime="20211020 20:19:00.717" endtime="20211020 20:19:00.717"/>
</kw>
<status status="NOT RUN" starttime="20211020 20:19:00.717" endtime="20211020 20:19:00.717"/>
</branch>
<branch type="ELSE">
<kw name="Log To Console" library="BuiltIn">
<arg>Numero invalido</arg>
<doc>Logs the given message to the console.</doc>
<status status="PASS" starttime="20211020 20:19:00.717" endtime="20211020 20:19:00.718"/>
</kw>
<status status="PASS" starttime="20211020 20:19:00.717" endtime="20211020 20:19:00.718"/>
</branch>
<status status="PASS" starttime="20211020 20:19:00.715" endtime="20211020 20:19:00.718"/>
</if>
<status status="PASS" starttime="20211020 20:19:00.715" endtime="20211020 20:19:00.718"/>
</iter>
<iter>
<var name="${COUNT}">3</var>
<if>
<branch type="IF" condition="'${COUNT}'=='5'">
<kw name="Log To Console" library="BuiltIn">
<arg>Estou no numero ${COUNT}</arg>
<doc>Logs the given message to the console.</doc>
<status status="NOT RUN" starttime="20211020 20:19:00.719" endtime="20211020 20:19:00.719"/>
</kw>
<status status="NOT RUN" starttime="20211020 20:19:00.719" endtime="20211020 20:19:00.719"/>
</branch>
<branch type="ELSE IF" condition="'${COUNT}'=='8'">
<kw name="Log To Console" library="BuiltIn">
<arg>Estou no numero ${COUNT}</arg>
<doc>Logs the given message to the console.</doc>
<status status="NOT RUN" starttime="20211020 20:19:00.719" endtime="20211020 20:19:00.719"/>
</kw>
<status status="NOT RUN" starttime="20211020 20:19:00.719" endtime="20211020 20:19:00.719"/>
</branch>
<branch type="ELSE">
<kw name="Log To Console" library="BuiltIn">
<arg>Numero invalido</arg>
<doc>Logs the given message to the console.</doc>
<status status="PASS" starttime="20211020 20:19:00.720" endtime="20211020 20:19:00.720"/>
</kw>
<status status="PASS" starttime="20211020 20:19:00.719" endtime="20211020 20:19:00.720"/>
</branch>
<status status="PASS" starttime="20211020 20:19:00.718" endtime="20211020 20:19:00.720"/>
</if>
<status status="PASS" starttime="20211020 20:19:00.718" endtime="20211020 20:19:00.721"/>
</iter>
<iter>
<var name="${COUNT}">4</var>
<if>
<branch type="IF" condition="'${COUNT}'=='5'">
<kw name="Log To Console" library="BuiltIn">
<arg>Estou no numero ${COUNT}</arg>
<doc>Logs the given message to the console.</doc>
<status status="NOT RUN" starttime="20211020 20:19:00.724" endtime="20211020 20:19:00.724"/>
</kw>
<status status="NOT RUN" starttime="20211020 20:19:00.724" endtime="20211020 20:19:00.725"/>
</branch>
<branch type="ELSE IF" condition="'${COUNT}'=='8'">
<kw name="Log To Console" library="BuiltIn">
<arg>Estou no numero ${COUNT}</arg>
<doc>Logs the given message to the console.</doc>
<status status="NOT RUN" starttime="20211020 20:19:00.725" endtime="20211020 20:19:00.725"/>
</kw>
<status status="NOT RUN" starttime="20211020 20:19:00.725" endtime="20211020 20:19:00.726"/>
</branch>
<branch type="ELSE">
<kw name="Log To Console" library="BuiltIn">
<arg>Numero invalido</arg>
<doc>Logs the given message to the console.</doc>
<status status="PASS" starttime="20211020 20:19:00.726" endtime="20211020 20:19:00.728"/>
</kw>
<status status="PASS" starttime="20211020 20:19:00.726" endtime="20211020 20:19:00.729"/>
</branch>
<status status="PASS" starttime="20211020 20:19:00.723" endtime="20211020 20:19:00.729"/>
</if>
<status status="PASS" starttime="20211020 20:19:00.722" endtime="20211020 20:19:00.729"/>
</iter>
<iter>
<var name="${COUNT}">5</var>
<if>
<branch type="IF" condition="'${COUNT}'=='5'">
<kw name="Log To Console" library="BuiltIn">
<arg>Estou no numero ${COUNT}</arg>
<doc>Logs the given message to the console.</doc>
<status status="PASS" starttime="20211020 20:19:00.729" endtime="20211020 20:19:00.730"/>
</kw>
<status status="PASS" starttime="20211020 20:19:00.729" endtime="20211020 20:19:00.731"/>
</branch>
<branch type="ELSE IF" condition="'${COUNT}'=='8'">
<kw name="Log To Console" library="BuiltIn">
<arg>Estou no numero ${COUNT}</arg>
<doc>Logs the given message to the console.</doc>
<status status="NOT RUN" starttime="20211020 20:19:00.731" endtime="20211020 20:19:00.732"/>
</kw>
<status status="NOT RUN" starttime="20211020 20:19:00.731" endtime="20211020 20:19:00.732"/>
</branch>
<branch type="ELSE">
<kw name="Log To Console" library="BuiltIn">
<arg>Numero invalido</arg>
<doc>Logs the given message to the console.</doc>
<status status="NOT RUN" starttime="20211020 20:19:00.732" endtime="20211020 20:19:00.732"/>
</kw>
<status status="NOT RUN" starttime="20211020 20:19:00.732" endtime="20211020 20:19:00.732"/>
</branch>
<status status="PASS" starttime="20211020 20:19:00.729" endtime="20211020 20:19:00.733"/>
</if>
<status status="PASS" starttime="20211020 20:19:00.729" endtime="20211020 20:19:00.733"/>
</iter>
<iter>
<var name="${COUNT}">6</var>
<if>
<branch type="IF" condition="'${COUNT}'=='5'">
<kw name="Log To Console" library="BuiltIn">
<arg>Estou no numero ${COUNT}</arg>
<doc>Logs the given message to the console.</doc>
<status status="NOT RUN" starttime="20211020 20:19:00.733" endtime="20211020 20:19:00.734"/>
</kw>
<status status="NOT RUN" starttime="20211020 20:19:00.733" endtime="20211020 20:19:00.734"/>
</branch>
<branch type="ELSE IF" condition="'${COUNT}'=='8'">
<kw name="Log To Console" library="BuiltIn">
<arg>Estou no numero ${COUNT}</arg>
<doc>Logs the given message to the console.</doc>
<status status="NOT RUN" starttime="20211020 20:19:00.736" endtime="20211020 20:19:00.736"/>
</kw>
<status status="NOT RUN" starttime="20211020 20:19:00.736" endtime="20211020 20:19:00.736"/>
</branch>
<branch type="ELSE">
<kw name="Log To Console" library="BuiltIn">
<arg>Numero invalido</arg>
<doc>Logs the given message to the console.</doc>
<status status="PASS" starttime="20211020 20:19:00.737" endtime="20211020 20:19:00.738"/>
</kw>
<status status="PASS" starttime="20211020 20:19:00.736" endtime="20211020 20:19:00.738"/>
</branch>
<status status="PASS" starttime="20211020 20:19:00.733" endtime="20211020 20:19:00.738"/>
</if>
<status status="PASS" starttime="20211020 20:19:00.733" endtime="20211020 20:19:00.738"/>
</iter>
<iter>
<var name="${COUNT}">7</var>
<if>
<branch type="IF" condition="'${COUNT}'=='5'">
<kw name="Log To Console" library="BuiltIn">
<arg>Estou no numero ${COUNT}</arg>
<doc>Logs the given message to the console.</doc>
<status status="NOT RUN" starttime="20211020 20:19:00.739" endtime="20211020 20:19:00.739"/>
</kw>
<status status="NOT RUN" starttime="20211020 20:19:00.739" endtime="20211020 20:19:00.739"/>
</branch>
<branch type="ELSE IF" condition="'${COUNT}'=='8'">
<kw name="Log To Console" library="BuiltIn">
<arg>Estou no numero ${COUNT}</arg>
<doc>Logs the given message to the console.</doc>
<status status="NOT RUN" starttime="20211020 20:19:00.740" endtime="20211020 20:19:00.740"/>
</kw>
<status status="NOT RUN" starttime="20211020 20:19:00.740" endtime="20211020 20:19:00.740"/>
</branch>
<branch type="ELSE">
<kw name="Log To Console" library="BuiltIn">
<arg>Numero invalido</arg>
<doc>Logs the given message to the console.</doc>
<status status="PASS" starttime="20211020 20:19:00.740" endtime="20211020 20:19:00.742"/>
</kw>
<status status="PASS" starttime="20211020 20:19:00.740" endtime="20211020 20:19:00.742"/>
</branch>
<status status="PASS" starttime="20211020 20:19:00.738" endtime="20211020 20:19:00.742"/>
</if>
<status status="PASS" starttime="20211020 20:19:00.738" endtime="20211020 20:19:00.743"/>
</iter>
<iter>
<var name="${COUNT}">8</var>
<if>
<branch type="IF" condition="'${COUNT}'=='5'">
<kw name="Log To Console" library="BuiltIn">
<arg>Estou no numero ${COUNT}</arg>
<doc>Logs the given message to the console.</doc>
<status status="NOT RUN" starttime="20211020 20:19:00.743" endtime="20211020 20:19:00.744"/>
</kw>
<status status="NOT RUN" starttime="20211020 20:19:00.743" endtime="20211020 20:19:00.744"/>
</branch>
<branch type="ELSE IF" condition="'${COUNT}'=='8'">
<kw name="Log To Console" library="BuiltIn">
<arg>Estou no numero ${COUNT}</arg>
<doc>Logs the given message to the console.</doc>
<status status="PASS" starttime="20211020 20:19:00.744" endtime="20211020 20:19:00.747"/>
</kw>
<status status="PASS" starttime="20211020 20:19:00.744" endtime="20211020 20:19:00.747"/>
</branch>
<branch type="ELSE">
<kw name="Log To Console" library="BuiltIn">
<arg>Numero invalido</arg>
<doc>Logs the given message to the console.</doc>
<status status="NOT RUN" starttime="20211020 20:19:00.748" endtime="20211020 20:19:00.748"/>
</kw>
<status status="NOT RUN" starttime="20211020 20:19:00.747" endtime="20211020 20:19:00.748"/>
</branch>
<status status="PASS" starttime="20211020 20:19:00.743" endtime="20211020 20:19:00.748"/>
</if>
<status status="PASS" starttime="20211020 20:19:00.743" endtime="20211020 20:19:00.748"/>
</iter>
<status status="PASS" starttime="20211020 20:19:00.708" endtime="20211020 20:19:00.748"/>
</for>
<status status="PASS" starttime="20211020 20:19:00.707" endtime="20211020 20:19:00.749"/>
</kw>
<tag>NUM</tag>
<status status="PASS" starttime="20211020 20:19:00.705" endtime="20211020 20:19:00.750"/>
</test>
<doc>Neste arquivo estarão presentes todos os exercícios de automação do curso prime hero</doc>
<status status="PASS" starttime="20211020 20:19:00.653" endtime="20211020 20:19:00.754"/>
</suite>
<statistics>
<total>
<stat pass="1" fail="0" skip="0">All Tests</stat>
</total>
<tag>
<stat pass="1" fail="0" skip="0">NUM</stat>
</tag>
<suite>
<stat pass="1" fail="0" skip="0" id="s1" name="Exercicios">Exercicios</stat>
</suite>
</statistics>
<errors>
</errors>
</robot>
